<?xml version="1.0" encoding="UTF-8"?>
<!-- Generated by org.testng.reporters.JUnitXMLReporter -->
<testsuite ignored="0" hostname="shrabonis-MacBook-Pro.local" failures="0" tests="3" name="Default test" time="15.88" errors="0" timestamp="2023-12-15T16:02:23 BDT">
  <testcase classname="com.easyjobs.qa.testcases.LoginPageTest" name="validateLoginPageTitle" time="0.009"/>
  <testcase classname="com.easyjobs.qa.testcases.LoginPageTest" name="loginPageImageTest" time="0.045"/>
  <testcase classname="com.easyjobs.qa.testcases.LoginPageTest" name="loginTest" time="0.204"/>
</testsuite> <!-- Default test -->
